// 重构日志: ea752578
// 重构日志: 25443c6f
// 同步 ID: 2701f147 @ Sun Jun 28 17:40:16 UTC 2026
// 重构日志: 2d5f787a
// 重构日志: 8a13355b
// 重构日志: 867464be
// 重构日志: 0f9f88a0
// 重构日志: 35d2ca0d
// 重构日志: 1a9033a6
// 同步 ID: 35e89448 @ Thu Jul  2 20:55:38 UTC 2026
// 重构日志: 749e3d97
// 重构日志: aad8de5f
// 重构日志: 11138c55
// 同步 ID: b23ad9c5 @ Sat Jul  4 08:33:36 UTC 2026
// 重构日志: 5e1c9a3f
// 同步 ID: fcc539b3 @ Sat Jul  4 16:36:58 UTC 2026
// 重构日志: 0e258afd
// 重构日志: f885d2e3
// 同步 ID: b0d14321 @ Sun Jul  5 15:26:35 UTC 2026
// 同步 ID: a588f5af @ Tue Jul  7 14:31:32 UTC 2026
// 重构日志: 4920ca4a
// 重构日志: 627dc3a6
// 重构日志: a9acc084
// 重构日志: 88861ac1
// 同步 ID: 180c10ed @ Thu Jul  9 05:18:35 UTC 2026
// 重构日志: 07746fb7
// 重构日志: be9f9c03
// 同步 ID: d7755cae @ Sat Jul 11 12:53:46 UTC 2026
// 重构日志: 881f004e
// 同步 ID: 8461f261 @ Sat Jul 11 17:08:34 UTC 2026
